<?xml version="1.0" encoding="UTF-8"?>
<!-- Generated by org.testng.reporters.JUnitReportReporter -->
<testsuite hostname="BDC4B-D-5NNHVQ1" name="testng.SampleTest" tests="3" failures="0" timestamp="17 Dec 2015 12:01:25 GMT" time="0.046" errors="0">
  <testcase name="wowtotest" time="0.010" classname="testng.SampleTest"/>
  <testcase name="newTest" time="0.028" classname="testng.SampleTest"/>
  <testcase name="sampleTest" time="0.008" classname="testng.SampleTest"/>
</testsuite> <!-- testng.SampleTest -->
